\BOOKMARK [0][]{chapter.1}{1 Introduction}{}% 1
\BOOKMARK [0][]{chapter.2}{2 Clustering}{}% 2
\BOOKMARK [1][]{section.2.1}{2.1 Similarity Measure}{chapter.2}% 3
\BOOKMARK [1][]{section.2.2}{2.2 Partial Clustering}{chapter.2}% 4
\BOOKMARK [1][]{section.2.3}{2.3 Hierarchical Clustering Algorithm}{chapter.2}% 5
\BOOKMARK [0][]{chapter.3}{3 Approximate Hierarchical Clustering Algorithm}{}% 6
\BOOKMARK [1][]{section.3.1}{3.1 Experiment and Comparison Difficulty}{chapter.3}% 7
\BOOKMARK [1][]{section.3.2}{3.2 Algorithm by Patra}{chapter.3}% 8
\BOOKMARK [1][]{section.3.3}{3.3 Algorithm by Gilpin}{chapter.3}% 9
\BOOKMARK [1][]{section.3.4}{3.4 Twister Tries Approach}{chapter.3}% 10
\BOOKMARK [1][]{section.3.5}{3.5 Comparison}{chapter.3}% 11
\BOOKMARK [0][]{chapter.4}{4 The structure of the thesis}{}% 12
\BOOKMARK [1][]{section.4.1}{4.1 The theoretical part}{chapter.4}% 13
\BOOKMARK [1][]{section.4.2}{4.2 After the theory}{chapter.4}% 14
\BOOKMARK [0][]{chapter.5}{5 Using the literature}{}% 15
\BOOKMARK [1][]{section.5.1}{5.1 Citations}{chapter.5}% 16
\BOOKMARK [1][]{section.5.2}{5.2 The bibliography database}{chapter.5}% 17
\BOOKMARK [1][]{section.5.3}{5.3 The bibliography}{chapter.5}% 18
\BOOKMARK [1][]{section.5.4}{5.4 Known problems}{chapter.5}% 19
\BOOKMARK [0][]{chapter.6}{6 Special properties of the document class}{}% 20
\BOOKMARK [0][]{chapter.7}{7 Conclusion}{}% 21
\BOOKMARK [0][]{section*.4}{Appendices}{}% 22
\BOOKMARK [1][]{section.G.1}{A Moving from gradu2 to gradu3}{section*.4}% 23
\BOOKMARK [1][]{section.G.2}{B Rarely needed features}{section*.4}% 24
